<?xml version="1.0" encoding="UTF-8"?>
<robot generator="Robot 5.0.1 (Python 3.10.8 on win32)" generated="20221024 15:07:27.129" rpa="false" schemaversion="3">
<suite id="s1" name="Login Testes" source="C:\Users\USER\OneDrive\Documentos\ProjetosRobotFramework\DesafioKabum\Testes\login_testes.robot">
<test id="s1-t1" name="Valida login com campos nulos" line="9">
<kw name="Abrir o navegador" library="login_resources" type="SETUP">
<kw name="Open Browser" library="SeleniumLibrary">
<arg>browser=${BROWSER}</arg>
<doc>Opens a new browser instance to the optional ``url``.</doc>
<msg timestamp="20221024 15:07:27.355" level="INFO">Opening browser 'chrome' to base url 'None'.</msg>
<status status="PASS" starttime="20221024 15:07:27.355" endtime="20221024 15:07:28.462"/>
</kw>
<kw name="Maximize Browser Window" library="SeleniumLibrary">
<doc>Maximizes current browser window.</doc>
<status status="PASS" starttime="20221024 15:07:28.462" endtime="20221024 15:07:28.595"/>
</kw>
<status status="PASS" starttime="20221024 15:07:27.355" endtime="20221024 15:07:28.595"/>
</kw>
<kw name="Given que acesse o site &quot;https://kabum.com.br&quot;" library="login_resources">
<kw name="Go To" library="SeleniumLibrary">
<arg>url=${URL}</arg>
<doc>Navigates the current browser window to the provided ``url``.</doc>
<msg timestamp="20221024 15:07:28.597" level="INFO">Opening url 'https://kabum.com.br.'</msg>
<status status="PASS" starttime="20221024 15:07:28.596" endtime="20221024 15:07:32.125"/>
</kw>
<kw name="Wait Until Element Is Visible" library="SeleniumLibrary">
<arg>locator=linkLoginHeader</arg>
<doc>Waits until the element ``locator`` is visible.</doc>
<status status="PASS" starttime="20221024 15:07:32.125" endtime="20221024 15:07:32.179"/>
</kw>
<status status="PASS" starttime="20221024 15:07:28.596" endtime="20221024 15:07:32.180"/>
</kw>
<kw name="When realizar login com email e senha nulos" library="login_resources">
<kw name="Click Element" library="SeleniumLibrary">
<arg>locator=linkLoginHeader</arg>
<doc>Click the element identified by ``locator``.</doc>
<msg timestamp="20221024 15:07:32.181" level="INFO">Clicking element 'linkLoginHeader'.</msg>
<status status="PASS" starttime="20221024 15:07:32.181" endtime="20221024 15:07:34.055"/>
</kw>
<kw name="Click Element" library="SeleniumLibrary">
<arg>locator=${BTN_ENTRAR}</arg>
<doc>Click the element identified by ``locator``.</doc>
<msg timestamp="20221024 15:07:34.056" level="INFO">Clicking element '//button[@type='submit'][contains(.,'Entrar')]'.</msg>
<status status="PASS" starttime="20221024 15:07:34.055" endtime="20221024 15:07:34.116"/>
</kw>
<status status="PASS" starttime="20221024 15:07:32.180" endtime="20221024 15:07:34.116"/>
</kw>
<kw name="Then deverá exibir mensagem solicitando o preenchimento dos campos" library="login_resources">
<kw name="Element Should Be Visible" library="SeleniumLibrary">
<arg>locator=//div[@class='sc-fnGiBr zSKVC'][contains(.,'Insira seu E-mail, CPF ou CNPJ.')]</arg>
<doc>Verifies that the element identified by ``locator`` is visible.</doc>
<msg timestamp="20221024 15:07:34.150" level="INFO">Element '//div[@class='sc-fnGiBr zSKVC'][contains(.,'Insira seu E-mail, CPF ou CNPJ.')]' is displayed.</msg>
<status status="PASS" starttime="20221024 15:07:34.117" endtime="20221024 15:07:34.150"/>
</kw>
<status status="PASS" starttime="20221024 15:07:34.117" endtime="20221024 15:07:34.150"/>
</kw>
<kw name="Fechar o navegador" library="login_resources" type="TEARDOWN">
<kw name="Capture Page Screenshot" library="SeleniumLibrary">
<doc>Takes a screenshot of the current page and embeds it into a log file.</doc>
<msg timestamp="20221024 15:07:34.270" level="INFO" html="true">&lt;/td&gt;&lt;/tr&gt;&lt;tr&gt;&lt;td colspan="3"&gt;&lt;a href="selenium-screenshot-5.png"&gt;&lt;img src="selenium-screenshot-5.png" width="800px"&gt;&lt;/a&gt;</msg>
<status status="PASS" starttime="20221024 15:07:34.152" endtime="20221024 15:07:34.270"/>
</kw>
<kw name="Close Browser" library="SeleniumLibrary">
<doc>Closes the current browser.</doc>
<status status="PASS" starttime="20221024 15:07:34.270" endtime="20221024 15:07:36.409"/>
</kw>
<status status="PASS" starttime="20221024 15:07:34.152" endtime="20221024 15:07:36.409"/>
</kw>
<doc>Este teste verifica se exibe mensagem ao inserir email e senha nulos</doc>
<status status="PASS" starttime="20221024 15:07:27.354" endtime="20221024 15:07:36.410"/>
</test>
<test id="s1-t2" name="Valida login com email e senha invalidos" line="15">
<kw name="Abrir o navegador" library="login_resources" type="SETUP">
<kw name="Open Browser" library="SeleniumLibrary">
<arg>browser=${BROWSER}</arg>
<doc>Opens a new browser instance to the optional ``url``.</doc>
<msg timestamp="20221024 15:07:36.421" level="INFO">Opening browser 'chrome' to base url 'None'.</msg>
<status status="PASS" starttime="20221024 15:07:36.420" endtime="20221024 15:07:37.565"/>
</kw>
<kw name="Maximize Browser Window" library="SeleniumLibrary">
<doc>Maximizes current browser window.</doc>
<status status="PASS" starttime="20221024 15:07:37.566" endtime="20221024 15:07:37.693"/>
</kw>
<status status="PASS" starttime="20221024 15:07:36.419" endtime="20221024 15:07:37.693"/>
</kw>
<kw name="Given que acesse o site &quot;https://kabum.com.br&quot;" library="login_resources">
<kw name="Go To" library="SeleniumLibrary">
<arg>url=${URL}</arg>
<doc>Navigates the current browser window to the provided ``url``.</doc>
<msg timestamp="20221024 15:07:37.694" level="INFO">Opening url 'https://kabum.com.br.'</msg>
<status status="PASS" starttime="20221024 15:07:37.694" endtime="20221024 15:07:40.822"/>
</kw>
<kw name="Wait Until Element Is Visible" library="SeleniumLibrary">
<arg>locator=linkLoginHeader</arg>
<doc>Waits until the element ``locator`` is visible.</doc>
<status status="PASS" starttime="20221024 15:07:40.822" endtime="20221024 15:07:40.869"/>
</kw>
<status status="PASS" starttime="20221024 15:07:37.694" endtime="20221024 15:07:40.869"/>
</kw>
<kw name="When realizar login com email e senha invalidos" library="login_resources">
<kw name="Click Element" library="SeleniumLibrary">
<arg>locator=linkLoginHeader</arg>
<doc>Click the element identified by ``locator``.</doc>
<msg timestamp="20221024 15:07:40.873" level="INFO">Clicking element 'linkLoginHeader'.</msg>
<status status="PASS" starttime="20221024 15:07:40.872" endtime="20221024 15:07:42.729"/>
</kw>
<kw name="Wait Until Element Is Visible" library="SeleniumLibrary">
<arg>locator=${BTN_ENTRAR}</arg>
<doc>Waits until the element ``locator`` is visible.</doc>
<status status="PASS" starttime="20221024 15:07:42.729" endtime="20221024 15:07:42.754"/>
</kw>
<kw name="Input Text" library="SeleniumLibrary">
<arg>locator=//input[contains(@type,'text')]</arg>
<arg>text= ${EMAIL_INVALIDO}</arg>
<doc>Types the given ``text`` into the text field identified by ``locator``.</doc>
<msg timestamp="20221024 15:07:42.754" level="INFO">Typing text ' email@email.com' into text field '//input[contains(@type,'text')]'.</msg>
<status status="PASS" starttime="20221024 15:07:42.754" endtime="20221024 15:07:42.855"/>
</kw>
<kw name="Input Text" library="SeleniumLibrary">
<arg>locator=//input[contains(@type,'password')]</arg>
<arg>text= ${SENHA_INVALIDA}</arg>
<doc>Types the given ``text`` into the text field identified by ``locator``.</doc>
<msg timestamp="20221024 15:07:42.856" level="INFO">Typing text ' 1' into text field '//input[contains(@type,'password')]'.</msg>
<status status="PASS" starttime="20221024 15:07:42.855" endtime="20221024 15:07:42.925"/>
</kw>
<kw name="Click Element" library="SeleniumLibrary">
<arg>locator=${BTN_ENTRAR}</arg>
<doc>Click the element identified by ``locator``.</doc>
<msg timestamp="20221024 15:07:42.926" level="INFO">Clicking element '//button[@type='submit'][contains(.,'Entrar')]'.</msg>
<status status="PASS" starttime="20221024 15:07:42.926" endtime="20221024 15:07:42.989"/>
</kw>
<status status="PASS" starttime="20221024 15:07:40.871" endtime="20221024 15:07:42.990"/>
</kw>
<kw name="Then exibe mensagem &quot;E-mail, CPF, CNPJ ou senha incorretos&quot;" library="login_resources" sourcename="exibe mensagem &quot;${MSG_LOGIN_INVALIDO}&quot;">
<kw name="Wait Until Element Is Visible" library="SeleniumLibrary">
<arg>locator=${ELEMENTO_LOGIN_INVALIDO}</arg>
<doc>Waits until the element ``locator`` is visible.</doc>
<status status="PASS" starttime="20221024 15:07:42.991" endtime="20221024 15:07:43.242"/>
</kw>
<kw name="Element Should Be Visible" library="SeleniumLibrary">
<arg>locator=${ELEMENTO_LOGIN_INVALIDO}</arg>
<arg>message=${MSG_LOGIN_INVALIDO}</arg>
<doc>Verifies that the element identified by ``locator`` is visible.</doc>
<msg timestamp="20221024 15:07:43.254" level="INFO">Element '//p[@class='sc-cCjUiG fyRXCW'][contains(.,'E-mail, CPF, CNPJ ou senha incorretos')]' is displayed.</msg>
<status status="PASS" starttime="20221024 15:07:43.242" endtime="20221024 15:07:43.254"/>
</kw>
<status status="PASS" starttime="20221024 15:07:42.990" endtime="20221024 15:07:43.254"/>
</kw>
<kw name="Fechar o navegador" library="login_resources" type="TEARDOWN">
<kw name="Capture Page Screenshot" library="SeleniumLibrary">
<doc>Takes a screenshot of the current page and embeds it into a log file.</doc>
<msg timestamp="20221024 15:07:43.376" level="INFO" html="true">&lt;/td&gt;&lt;/tr&gt;&lt;tr&gt;&lt;td colspan="3"&gt;&lt;a href="selenium-screenshot-6.png"&gt;&lt;img src="selenium-screenshot-6.png" width="800px"&gt;&lt;/a&gt;</msg>
<status status="PASS" starttime="20221024 15:07:43.255" endtime="20221024 15:07:43.376"/>
</kw>
<kw name="Close Browser" library="SeleniumLibrary">
<doc>Closes the current browser.</doc>
<status status="PASS" starttime="20221024 15:07:43.376" endtime="20221024 15:07:45.514"/>
</kw>
<status status="PASS" starttime="20221024 15:07:43.255" endtime="20221024 15:07:45.515"/>
</kw>
<doc>Este teste verifica se exibe mensagem ao inserir email e senha invalidos</doc>
<status status="PASS" starttime="20221024 15:07:36.416" endtime="20221024 15:07:45.515"/>
</test>
<test id="s1-t3" name="Valida login com cpf e senha invalidos" line="21">
<kw name="Abrir o navegador" library="login_resources" type="SETUP">
<kw name="Open Browser" library="SeleniumLibrary">
<arg>browser=${BROWSER}</arg>
<doc>Opens a new browser instance to the optional ``url``.</doc>
<msg timestamp="20221024 15:07:45.518" level="INFO">Opening browser 'chrome' to base url 'None'.</msg>
<status status="PASS" starttime="20221024 15:07:45.517" endtime="20221024 15:07:46.596"/>
</kw>
<kw name="Maximize Browser Window" library="SeleniumLibrary">
<doc>Maximizes current browser window.</doc>
<status status="PASS" starttime="20221024 15:07:46.596" endtime="20221024 15:07:46.712"/>
</kw>
<status status="PASS" starttime="20221024 15:07:45.517" endtime="20221024 15:07:46.712"/>
</kw>
<kw name="Given que acesse o site &quot;https://kabum.com.br&quot;" library="login_resources">
<kw name="Go To" library="SeleniumLibrary">
<arg>url=${URL}</arg>
<doc>Navigates the current browser window to the provided ``url``.</doc>
<msg timestamp="20221024 15:07:46.713" level="INFO">Opening url 'https://kabum.com.br.'</msg>
<status status="PASS" starttime="20221024 15:07:46.713" endtime="20221024 15:07:50.807"/>
</kw>
<kw name="Wait Until Element Is Visible" library="SeleniumLibrary">
<arg>locator=linkLoginHeader</arg>
<doc>Waits until the element ``locator`` is visible.</doc>
<status status="PASS" starttime="20221024 15:07:50.808" endtime="20221024 15:07:50.859"/>
</kw>
<status status="PASS" starttime="20221024 15:07:46.713" endtime="20221024 15:07:50.859"/>
</kw>
<kw name="When realizar login com cpf e senha invalidos" library="login_resources">
<kw name="Click Element" library="SeleniumLibrary">
<arg>locator=linkLoginHeader</arg>
<doc>Click the element identified by ``locator``.</doc>
<msg timestamp="20221024 15:07:50.862" level="INFO">Clicking element 'linkLoginHeader'.</msg>
<status status="PASS" starttime="20221024 15:07:50.861" endtime="20221024 15:07:52.974"/>
</kw>
<kw name="Wait Until Element Is Visible" library="SeleniumLibrary">
<arg>locator=${BTN_ENTRAR}</arg>
<doc>Waits until the element ``locator`` is visible.</doc>
<status status="PASS" starttime="20221024 15:07:52.974" endtime="20221024 15:07:53.012"/>
</kw>
<kw name="Input Text" library="SeleniumLibrary">
<arg>locator=//input[contains(@type,'text')]</arg>
<arg>text= ${CPF_INVALIDO}</arg>
<doc>Types the given ``text`` into the text field identified by ``locator``.</doc>
<msg timestamp="20221024 15:07:53.012" level="INFO">Typing text ' 32428461811' into text field '//input[contains(@type,'text')]'.</msg>
<status status="PASS" starttime="20221024 15:07:53.012" endtime="20221024 15:07:53.113"/>
</kw>
<kw name="Input Text" library="SeleniumLibrary">
<arg>locator=//input[contains(@type,'password')]</arg>
<arg>text= ${SENHA_INVALIDA}</arg>
<doc>Types the given ``text`` into the text field identified by ``locator``.</doc>
<msg timestamp="20221024 15:07:53.113" level="INFO">Typing text ' 1' into text field '//input[contains(@type,'password')]'.</msg>
<status status="PASS" starttime="20221024 15:07:53.113" endtime="20221024 15:07:53.189"/>
</kw>
<kw name="Click Element" library="SeleniumLibrary">
<arg>locator=${BTN_ENTRAR}</arg>
<doc>Click the element identified by ``locator``.</doc>
<msg timestamp="20221024 15:07:53.190" level="INFO">Clicking element '//button[@type='submit'][contains(.,'Entrar')]'.</msg>
<status status="PASS" starttime="20221024 15:07:53.190" endtime="20221024 15:07:53.270"/>
</kw>
<status status="PASS" starttime="20221024 15:07:50.860" endtime="20221024 15:07:53.270"/>
</kw>
<kw name="Then exibe mensagem &quot;E-mail, CPF, CNPJ ou senha incorretos&quot;" library="login_resources" sourcename="exibe mensagem &quot;${MSG_LOGIN_INVALIDO}&quot;">
<kw name="Wait Until Element Is Visible" library="SeleniumLibrary">
<arg>locator=${ELEMENTO_LOGIN_INVALIDO}</arg>
<doc>Waits until the element ``locator`` is visible.</doc>
<status status="PASS" starttime="20221024 15:07:53.271" endtime="20221024 15:07:53.524"/>
</kw>
<kw name="Element Should Be Visible" library="SeleniumLibrary">
<arg>locator=${ELEMENTO_LOGIN_INVALIDO}</arg>
<arg>message=${MSG_LOGIN_INVALIDO}</arg>
<doc>Verifies that the element identified by ``locator`` is visible.</doc>
<msg timestamp="20221024 15:07:53.539" level="INFO">Element '//p[@class='sc-cCjUiG fyRXCW'][contains(.,'E-mail, CPF, CNPJ ou senha incorretos')]' is displayed.</msg>
<status status="PASS" starttime="20221024 15:07:53.524" endtime="20221024 15:07:53.539"/>
</kw>
<status status="PASS" starttime="20221024 15:07:53.271" endtime="20221024 15:07:53.539"/>
</kw>
<kw name="Fechar o navegador" library="login_resources" type="TEARDOWN">
<kw name="Capture Page Screenshot" library="SeleniumLibrary">
<doc>Takes a screenshot of the current page and embeds it into a log file.</doc>
<msg timestamp="20221024 15:07:53.667" level="INFO" html="true">&lt;/td&gt;&lt;/tr&gt;&lt;tr&gt;&lt;td colspan="3"&gt;&lt;a href="selenium-screenshot-7.png"&gt;&lt;img src="selenium-screenshot-7.png" width="800px"&gt;&lt;/a&gt;</msg>
<status status="PASS" starttime="20221024 15:07:53.540" endtime="20221024 15:07:53.668"/>
</kw>
<kw name="Close Browser" library="SeleniumLibrary">
<doc>Closes the current browser.</doc>
<status status="PASS" starttime="20221024 15:07:53.668" endtime="20221024 15:07:55.825"/>
</kw>
<status status="PASS" starttime="20221024 15:07:53.540" endtime="20221024 15:07:55.825"/>
</kw>
<doc>Este teste verifica se exibe mensagem ao inserir cpf e senha invalidos</doc>
<status status="PASS" starttime="20221024 15:07:45.516" endtime="20221024 15:07:55.826"/>
</test>
<test id="s1-t4" name="Valida login com cnpj e senha invalidos" line="27">
<kw name="Abrir o navegador" library="login_resources" type="SETUP">
<kw name="Open Browser" library="SeleniumLibrary">
<arg>browser=${BROWSER}</arg>
<doc>Opens a new browser instance to the optional ``url``.</doc>
<msg timestamp="20221024 15:07:55.831" level="INFO">Opening browser 'chrome' to base url 'None'.</msg>
<status status="PASS" starttime="20221024 15:07:55.830" endtime="20221024 15:07:56.949"/>
</kw>
<kw name="Maximize Browser Window" library="SeleniumLibrary">
<doc>Maximizes current browser window.</doc>
<status status="PASS" starttime="20221024 15:07:56.949" endtime="20221024 15:07:57.070"/>
</kw>
<status status="PASS" starttime="20221024 15:07:55.830" endtime="20221024 15:07:57.070"/>
</kw>
<kw name="Given que acesse o site &quot;https://kabum.com.br&quot;" library="login_resources">
<kw name="Go To" library="SeleniumLibrary">
<arg>url=${URL}</arg>
<doc>Navigates the current browser window to the provided ``url``.</doc>
<msg timestamp="20221024 15:07:57.072" level="INFO">Opening url 'https://kabum.com.br.'</msg>
<status status="PASS" starttime="20221024 15:07:57.071" endtime="20221024 15:08:00.712"/>
</kw>
<kw name="Wait Until Element Is Visible" library="SeleniumLibrary">
<arg>locator=linkLoginHeader</arg>
<doc>Waits until the element ``locator`` is visible.</doc>
<status status="PASS" starttime="20221024 15:08:00.712" endtime="20221024 15:08:00.785"/>
</kw>
<status status="PASS" starttime="20221024 15:07:57.071" endtime="20221024 15:08:00.785"/>
</kw>
<kw name="When realizar login com cnpj e senha invalidos" library="login_resources">
<kw name="Click Element" library="SeleniumLibrary">
<arg>locator=linkLoginHeader</arg>
<doc>Click the element identified by ``locator``.</doc>
<msg timestamp="20221024 15:08:00.787" level="INFO">Clicking element 'linkLoginHeader'.</msg>
<status status="PASS" starttime="20221024 15:08:00.787" endtime="20221024 15:08:02.820"/>
</kw>
<kw name="Wait Until Element Is Visible" library="SeleniumLibrary">
<arg>locator=${BTN_ENTRAR}</arg>
<doc>Waits until the element ``locator`` is visible.</doc>
<status status="PASS" starttime="20221024 15:08:02.820" endtime="20221024 15:08:02.843"/>
</kw>
<kw name="Input Text" library="SeleniumLibrary">
<arg>locator=//input[contains(@type,'text')]</arg>
<arg>text= ${CNPJ_INVALIDO}</arg>
<doc>Types the given ``text`` into the text field identified by ``locator``.</doc>
<msg timestamp="20221024 15:08:02.843" level="INFO">Typing text ' 71841311000120' into text field '//input[contains(@type,'text')]'.</msg>
<status status="PASS" starttime="20221024 15:08:02.843" endtime="20221024 15:08:02.950"/>
</kw>
<kw name="Input Text" library="SeleniumLibrary">
<arg>locator=//input[contains(@type,'password')]</arg>
<arg>text= ${SENHA_INVALIDA}</arg>
<doc>Types the given ``text`` into the text field identified by ``locator``.</doc>
<msg timestamp="20221024 15:08:02.950" level="INFO">Typing text ' 1' into text field '//input[contains(@type,'password')]'.</msg>
<status status="PASS" starttime="20221024 15:08:02.950" endtime="20221024 15:08:03.028"/>
</kw>
<kw name="Click Element" library="SeleniumLibrary">
<arg>locator=${BTN_ENTRAR}</arg>
<doc>Click the element identified by ``locator``.</doc>
<msg timestamp="20221024 15:08:03.029" level="INFO">Clicking element '//button[@type='submit'][contains(.,'Entrar')]'.</msg>
<status status="PASS" starttime="20221024 15:08:03.028" endtime="20221024 15:08:03.104"/>
</kw>
<status status="PASS" starttime="20221024 15:08:00.786" endtime="20221024 15:08:03.105"/>
</kw>
<kw name="Then exibe mensagem &quot;E-mail, CPF, CNPJ ou senha incorretos&quot;" library="login_resources" sourcename="exibe mensagem &quot;${MSG_LOGIN_INVALIDO}&quot;">
<kw name="Wait Until Element Is Visible" library="SeleniumLibrary">
<arg>locator=${ELEMENTO_LOGIN_INVALIDO}</arg>
<doc>Waits until the element ``locator`` is visible.</doc>
<status status="PASS" starttime="20221024 15:08:03.106" endtime="20221024 15:08:03.368"/>
</kw>
<kw name="Element Should Be Visible" library="SeleniumLibrary">
<arg>locator=${ELEMENTO_LOGIN_INVALIDO}</arg>
<arg>message=${MSG_LOGIN_INVALIDO}</arg>
<doc>Verifies that the element identified by ``locator`` is visible.</doc>
<msg timestamp="20221024 15:08:03.409" level="INFO">Element '//p[@class='sc-cCjUiG fyRXCW'][contains(.,'E-mail, CPF, CNPJ ou senha incorretos')]' is displayed.</msg>
<status status="PASS" starttime="20221024 15:08:03.368" endtime="20221024 15:08:03.409"/>
</kw>
<status status="PASS" starttime="20221024 15:08:03.106" endtime="20221024 15:08:03.409"/>
</kw>
<kw name="Fechar o navegador" library="login_resources" type="TEARDOWN">
<kw name="Capture Page Screenshot" library="SeleniumLibrary">
<doc>Takes a screenshot of the current page and embeds it into a log file.</doc>
<msg timestamp="20221024 15:08:03.544" level="INFO" html="true">&lt;/td&gt;&lt;/tr&gt;&lt;tr&gt;&lt;td colspan="3"&gt;&lt;a href="selenium-screenshot-8.png"&gt;&lt;img src="selenium-screenshot-8.png" width="800px"&gt;&lt;/a&gt;</msg>
<status status="PASS" starttime="20221024 15:08:03.410" endtime="20221024 15:08:03.544"/>
</kw>
<kw name="Close Browser" library="SeleniumLibrary">
<doc>Closes the current browser.</doc>
<status status="PASS" starttime="20221024 15:08:03.544" endtime="20221024 15:08:05.690"/>
</kw>
<status status="PASS" starttime="20221024 15:08:03.410" endtime="20221024 15:08:05.691"/>
</kw>
<doc>Este teste verifica se exibe mensagem ao inserir cnpj e senha invalidos</doc>
<status status="PASS" starttime="20221024 15:07:55.829" endtime="20221024 15:08:05.692"/>
</test>
<doc>Essa suite teste do site kabum</doc>
<status status="PASS" starttime="20221024 15:07:27.131" endtime="20221024 15:08:05.697"/>
</suite>
<statistics>
<total>
<stat pass="4" fail="0" skip="0">All Tests</stat>
</total>
<tag>
</tag>
<suite>
<stat pass="4" fail="0" skip="0" id="s1" name="Login Testes">Login Testes</stat>
</suite>
</statistics>
<errors>
</errors>
</robot>
